#
# There is insufficient memory for the Java Runtime Environment to continue.
# Native memory allocation (malloc) failed to allocate 70256 bytes for Chunk::new
# Possible reasons:
#   The system is out of physical RAM or swap space
#   The process is running with CompressedOops enabled, and the Java Heap may be blocking the growth of the native heap
# Possible solutions:
#   Reduce memory load on the system
#   Increase physical memory or swap space
#   Check if swap backing store is full
#   Decrease Java heap size (-Xmx/-Xms)
#   Decrease number of Java threads
#   Decrease Java thread stack sizes (-Xss)
#   Set larger code cache with -XX:ReservedCodeCacheSize=
#   JVM is running with Zero Based Compressed Oops mode in which the Java heap is
#     placed in the first 32GB address space. The Java Heap base address is the
#     maximum limit for the native heap growth. Please use -XX:HeapBaseMinAddress
#     to set the Java Heap base and to place the Java Heap above 32GB virtual address.
# This output file may be truncated or incomplete.
#
#  Out of Memory Error (./src/hotspot/share/memory/arena.cpp:197), pid=12712, tid=7820
#
# JRE version: OpenJDK Runtime Environment AdoptOpenJDK (11.0.10+9) (build 11.0.10+9)
# Java VM: OpenJDK 64-Bit Server VM AdoptOpenJDK (11.0.10+9, mixed mode, tiered, compressed oops, g1 gc, windows-amd64)
# No core dump will be written. Minidumps are not enabled by default on client versions of Windows
#

---------------  S U M M A R Y ------------

Command Line: -XX:MaxGCPauseMillis=50 -agentlib:jdwp=transport=dt_shmem,address=javadebug -Dfile.encoding=UTF-8 bluej.runtime.ExecServer UTF-8

Host: Intel(R) Core(TM) i5-9400 CPU @ 2.90GHz, 6 cores, 15G,  Windows 10 , 64 bit Build 18362 (10.0.18362.1766)
Time: Mon Oct  4 10:40:43 2021 Eastern Daylight Time elapsed time: 402.193728 seconds (0d 0h 6m 42s)

---------------  T H R E A D  ---------------

Current thread (0x000001bb6f1cc000):  JavaThread "C2 CompilerThread0" daemon [_thread_in_native, id=7820, stack(0x00000016f2800000,0x00000016f2900000)]


Current CompileTask:
C2: 402193 1532       4       greenfoot.core.GreenfootMain$1$1::simulationChangedSync (92 bytes)

Stack: [0x00000016f2800000,0x00000016f2900000]
Native frames: (J=compiled Java code, j=interpreted, Vv=VM code, C=native code)
V  [jvm.dll+0x5f35ea]
V  [jvm.dll+0x77c65e]
V  [jvm.dll+0x77dd2f]
V  [jvm.dll+0x77e3f3]
V  [jvm.dll+0x246c38]
V  [jvm.dll+0xbe6cc]
V  [jvm.dll+0xbedcc]
V  [jvm.dll+0x34bfd7]
V  [jvm.dll+0x319e33]
V  [jvm.dll+0x31916a]
V  [jvm.dll+0x200525]
V  [jvm.dll+0x1ff70f]
V  [jvm.dll+0x1846bc]
V  [jvm.dll+0x20ec37]
V  [jvm.dll+0x20ce1b]
V  [jvm.dll+0x740b39]
V  [jvm.dll+0x739ba4]
V  [jvm.dll+0x5f2466]
C  [ucrtbase.dll+0x210b2]
C  [KERNEL32.DLL+0x17c24]
C  [ntdll.dll+0x6d721]


---------------  P R O C E S S  ---------------

Threads class SMR info:
_java_thread_list=0x000001bb711461e0, length=23, elements={
0x000001bb6f16b000, 0x000001bb6f174800, 0x000001bb6f1c5800, 0x000001bb6f1c7000,
0x000001bb6f1c9000, 0x000001bb6f1cc000, 0x000001bb6f22d000, 0x000001bb6f23a000,
0x000001bb6f352800, 0x000001bb6f36d800, 0x000001bb6f37a800, 0x000001bb6f394800,
0x000001bb6fae8000, 0x000001bb6f833800, 0x000001bb6f89d800, 0x000001bb4afb1000,
0x000001bb6f937800, 0x000001bb7086f800, 0x000001bb71420800, 0x000001bb71423000,
0x000001bb7174a000, 0x000001bb71745800, 0x000001bb71747000
}

Java Threads: ( => current thread )
  0x000001bb6f16b000 JavaThread "Reference Handler" daemon [_thread_blocked, id=3272, stack(0x00000016f2300000,0x00000016f2400000)]
  0x000001bb6f174800 JavaThread "Finalizer" daemon [_thread_blocked, id=13296, stack(0x00000016f2400000,0x00000016f2500000)]
  0x000001bb6f1c5800 JavaThread "Signal Dispatcher" daemon [_thread_blocked, id=15056, stack(0x00000016f2500000,0x00000016f2600000)]
  0x000001bb6f1c7000 JavaThread "Attach Listener" daemon [_thread_blocked, id=10844, stack(0x00000016f2600000,0x00000016f2700000)]
  0x000001bb6f1c9000 JavaThread "Service Thread" daemon [_thread_blocked, id=9364, stack(0x00000016f2700000,0x00000016f2800000)]
=>0x000001bb6f1cc000 JavaThread "C2 CompilerThread0" daemon [_thread_in_native, id=7820, stack(0x00000016f2800000,0x00000016f2900000)]
  0x000001bb6f22d000 JavaThread "C1 CompilerThread0" daemon [_thread_blocked, id=13408, stack(0x00000016f2900000,0x00000016f2a00000)]
  0x000001bb6f23a000 JavaThread "Sweeper thread" daemon [_thread_blocked, id=7572, stack(0x00000016f2a00000,0x00000016f2b00000)]
  0x000001bb6f352800 JavaThread "JDWP Transport Listener: dt_shmem" daemon [_thread_blocked, id=2764, stack(0x00000016f2b00000,0x00000016f2c00000)]
  0x000001bb6f36d800 JavaThread "JDWP Event Helper Thread" daemon [_thread_blocked, id=9796, stack(0x00000016f2c00000,0x00000016f2d00000)]
  0x000001bb6f37a800 JavaThread "JDWP Command Reader" daemon [_thread_in_native, id=14008, stack(0x00000016f2d00000,0x00000016f2e00000)]
  0x000001bb6f394800 JavaThread "Common-Cleaner" daemon [_thread_blocked, id=740, stack(0x00000016f2f00000,0x00000016f3000000)]
  0x000001bb6fae8000 JavaThread "Java2D Disposer" daemon [_thread_blocked, id=13584, stack(0x00000016f3100000,0x00000016f3200000)]
  0x000001bb6f833800 JavaThread "AWT-Windows" daemon [_thread_in_native, id=14656, stack(0x00000016f3300000,0x00000016f3400000)]
  0x000001bb6f89d800 JavaThread "BlueJ worker thread" [_thread_blocked, id=5228, stack(0x00000016f3500000,0x00000016f3600000)]
  0x000001bb4afb1000 JavaThread "DestroyJavaVM" [_thread_blocked, id=15088, stack(0x00000016f1c00000,0x00000016f1d00000)]
  0x000001bb6f937800 JavaThread "main" [_thread_blocked, id=8720, stack(0x00000016f3400000,0x00000016f3500000)]
  0x000001bb7086f800 JavaThread "QuantumRenderer-0" daemon [_thread_blocked, id=8356, stack(0x00000016f3e00000,0x00000016f3f00000)]
  0x000001bb71420800 JavaThread "InvokeLaterDispatcher" daemon [_thread_blocked, id=15296, stack(0x00000016f3f00000,0x00000016f4000000)]
  0x000001bb71423000 JavaThread "JavaFX Application Thread" [_thread_in_native, id=4348, stack(0x00000016f4000000,0x00000016f4100000)]
  0x000001bb7174a000 JavaThread "VMCommsSimulation" [_thread_in_native, id=14716, stack(0x00000016f4100000,0x00000016f4200000)]
  0x000001bb71745800 JavaThread "Thread-2" daemon [_thread_in_native, id=8512, stack(0x00000016f3000000,0x00000016f3100000)]
  0x000001bb71747000 JavaThread "SimulationThread" [_thread_blocked, id=7652, stack(0x00000016f4200000,0x00000016f4300000)]

Other Threads:
  0x000001bb6f146800 VMThread "VM Thread" [stack: 0x00000016f2200000,0x00000016f2300000] [id=11880]
  0x000001bb6f37d800 WatcherThread [stack: 0x00000016f2e00000,0x00000016f2f00000] [id=3656]
  0x000001bb4afc8800 GCTaskThread "GC Thread#0" [stack: 0x00000016f1d00000,0x00000016f1e00000] [id=9520]
  0x000001bb70837800 GCTaskThread "GC Thread#1" [stack: 0x00000016f3900000,0x00000016f3a00000] [id=14080]
  0x000001bb7112f000 GCTaskThread "GC Thread#2" [stack: 0x00000016f3a00000,0x00000016f3b00000] [id=6968]
  0x000001bb7112f800 GCTaskThread "GC Thread#3" [stack: 0x00000016f3b00000,0x00000016f3c00000] [id=5572]
  0x000001bb71130000 GCTaskThread "GC Thread#4" [stack: 0x00000016f3c00000,0x00000016f3d00000] [id=15408]
  0x000001bb70920800 GCTaskThread "GC Thread#5" [stack: 0x00000016f3d00000,0x00000016f3e00000] [id=8216]
  0x000001bb4b025800 ConcurrentGCThread "G1 Main Marker" [stack: 0x00000016f1e00000,0x00000016f1f00000] [id=6500]
  0x000001bb4b027000 ConcurrentGCThread "G1 Conc#0" [stack: 0x00000016f1f00000,0x00000016f2000000] [id=12736]
  0x000001bb712b7000 ConcurrentGCThread "G1 Conc#1" [stack: 0x00000016f1a00000,0x00000016f1b00000] [id=16044]
  0x000001bb6e7aa000 ConcurrentGCThread "G1 Refine#0" [stack: 0x00000016f2000000,0x00000016f2100000] [id=15536]
  0x000001bb6e7ab000 ConcurrentGCThread "G1 Young RemSet Sampling" [stack: 0x00000016f2100000,0x00000016f2200000] [id=11216]

Threads with active compile tasks:
C2 CompilerThread0 402216 1532       4       greenfoot.core.GreenfootMain$1$1::simulationChangedSync (92 bytes)

VM state:not at safepoint (normal execution)

VM Mutex/Monitor currently owned by a thread: None

Heap address: 0x0000000700e00000, size: 4082 MB, Compressed Oops mode: Zero based, Oop shift amount: 3
Narrow klass base: 0x0000000800000000, Narrow klass shift: 0
Compressed class space size: 1073741824 Address: 0x0000000800000000

Heap:
 garbage-first heap   total 141312K, used 26202K [0x0000000700e00000, 0x0000000800000000)
  region size 1024K, 2 young (2048K), 1 survivors (1024K)
 Metaspace       used 16564K, capacity 17028K, committed 17280K, reserved 1064960K
  class space    used 1630K, capacity 1808K, committed 1920K, reserved 1048576K
Heap Regions: E=young(eden), S=young(survivor), O=old, HS=humongous(starts), HC=humongous(continues), CS=collection set, F=free, A=archive, TAMS=top-at-mark-start (previous, next)
|   0|0x0000000700e00000, 0x0000000700f00000, 0x0000000700f00000|100%| O|  |TAMS 0x0000000700f00000, 0x0000000700e00000| Untracked 
|   1|0x0000000700f00000, 0x0000000701000000, 0x0000000701000000|100%| O|  |TAMS 0x0000000701000000, 0x0000000700f00000| Untracked 
|   2|0x0000000701000000, 0x00000007010fa630, 0x0000000701100000| 97%| O|  |TAMS 0x00000007010fa630, 0x0000000701000000| Untracked 
|   3|0x0000000701100000, 0x00000007011ab000, 0x0000000701200000| 66%| O|  |TAMS 0x00000007011ab000, 0x0000000701100000| Untracked 
|   4|0x0000000701200000, 0x00000007012dcec8, 0x0000000701300000| 86%| O|  |TAMS 0x00000007012dcec8, 0x0000000701200000| Untracked 
|   5|0x0000000701300000, 0x0000000701400000, 0x0000000701400000|100%|HS|  |TAMS 0x0000000701400000, 0x0000000701300000| Complete 
|   6|0x0000000701400000, 0x0000000701500000, 0x0000000701500000|100%|HS|  |TAMS 0x0000000701500000, 0x0000000701400000| Complete 
|   7|0x0000000701500000, 0x0000000701600000, 0x0000000701600000|100%|HS|  |TAMS 0x0000000701500000, 0x0000000701500000| Complete 
|   8|0x0000000701600000, 0x0000000701700000, 0x0000000701700000|100%|HS|  |TAMS 0x0000000701600000, 0x0000000701600000| Complete 
|   9|0x0000000701700000, 0x0000000701711e00, 0x0000000701800000|  6%| O|  |TAMS 0x0000000701711e00, 0x0000000701700000| Untracked 
|  10|0x0000000701800000, 0x0000000701900000, 0x0000000701900000|100%|HS|  |TAMS 0x0000000701800000, 0x0000000701800000| Complete 
|  11|0x0000000701900000, 0x0000000701a00000, 0x0000000701a00000|100%|HS|  |TAMS 0x0000000701900000, 0x0000000701900000| Complete 
|  12|0x0000000701a00000, 0x0000000701b00000, 0x0000000701b00000|100%|HS|  |TAMS 0x0000000701a00000, 0x0000000701a00000| Complete 
|  13|0x0000000701b00000, 0x0000000701c00000, 0x0000000701c00000|100%|HS|  |TAMS 0x0000000701b00000, 0x0000000701b00000| Complete 
|  14|0x0000000701c00000, 0x0000000701d00000, 0x0000000701d00000|100%|HS|  |TAMS 0x0000000701c00000, 0x0000000701c00000| Complete 
|  15|0x0000000701d00000, 0x0000000701e00000, 0x0000000701e00000|100%|HS|  |TAMS 0x0000000701d00000, 0x0000000701d00000| Complete 
|  16|0x0000000701e00000, 0x0000000701f00000, 0x0000000701f00000|100%|HS|  |TAMS 0x0000000701e00000, 0x0000000701e00000| Complete 
|  17|0x0000000701f00000, 0x0000000702000000, 0x0000000702000000|100%|HS|  |TAMS 0x0000000701f00000, 0x0000000701f00000| Complete 
|  18|0x0000000702000000, 0x0000000702100000, 0x0000000702100000|100%|HS|  |TAMS 0x0000000702000000, 0x0000000702000000| Complete 
|  19|0x0000000702100000, 0x0000000702200000, 0x0000000702200000|100%|HS|  |TAMS 0x0000000702100000, 0x0000000702100000| Complete 
|  20|0x0000000702200000, 0x0000000702300000, 0x0000000702300000|100%|HS|  |TAMS 0x0000000702200000, 0x0000000702200000| Complete 
|  21|0x0000000702300000, 0x0000000702400000, 0x0000000702400000|100%|HS|  |TAMS 0x0000000702300000, 0x0000000702300000| Complete 
|  22|0x0000000702400000, 0x0000000702500000, 0x0000000702500000|100%|HS|  |TAMS 0x0000000702400000, 0x0000000702400000| Complete 
|  23|0x0000000702500000, 0x0000000702600000, 0x0000000702600000|100%|HS|  |TAMS 0x0000000702500000, 0x0000000702500000| Complete 
|  24|0x0000000702600000, 0x0000000702700000, 0x0000000702700000|100%|HS|  |TAMS 0x0000000702600000, 0x0000000702600000| Complete 
|  25|0x0000000702700000, 0x0000000702800000, 0x0000000702800000|100%|HS|  |TAMS 0x0000000702700000, 0x0000000702700000| Complete 
|  26|0x0000000702800000, 0x0000000702900000, 0x0000000702900000|100%|HS|  |TAMS 0x0000000702800000, 0x0000000702800000| Complete 
|  27|0x0000000702900000, 0x0000000702900000, 0x0000000702a00000|  0%| F|  |TAMS 0x0000000702900000, 0x0000000702900000| Untracked 
|  28|0x0000000702a00000, 0x0000000702a00000, 0x0000000702b00000|  0%| F|  |TAMS 0x0000000702a00000, 0x0000000702a00000| Untracked 
|  29|0x0000000702b00000, 0x0000000702b00000, 0x0000000702c00000|  0%| F|  |TAMS 0x0000000702b00000, 0x0000000702b00000| Untracked 
|  30|0x0000000702c00000, 0x0000000702c00000, 0x0000000702d00000|  0%| F|  |TAMS 0x0000000702c00000, 0x0000000702c00000| Untracked 
|  31|0x0000000702d00000, 0x0000000702d00000, 0x0000000702e00000|  0%| F|  |TAMS 0x0000000702d00000, 0x0000000702d00000| Untracked 
|  32|0x0000000702e00000, 0x0000000702e00000, 0x0000000702f00000|  0%| F|  |TAMS 0x0000000702e00000, 0x0000000702e00000| Untracked 
|  33|0x0000000702f00000, 0x0000000702f00000, 0x0000000703000000|  0%| F|  |TAMS 0x0000000702f00000, 0x0000000702f00000| Untracked 
|  34|0x0000000703000000, 0x0000000703000000, 0x0000000703100000|  0%| F|  |TAMS 0x0000000703000000, 0x0000000703000000| Untracked 
|  35|0x0000000703100000, 0x0000000703100000, 0x0000000703200000|  0%| F|  |TAMS 0x0000000703100000, 0x0000000703100000| Untracked 
|  36|0x0000000703200000, 0x0000000703200000, 0x0000000703300000|  0%| F|  |TAMS 0x0000000703200000, 0x0000000703200000| Untracked 
|  37|0x0000000703300000, 0x0000000703300000, 0x0000000703400000|  0%| F|  |TAMS 0x0000000703300000, 0x0000000703300000| Untracked 
|  38|0x0000000703400000, 0x0000000703400000, 0x0000000703500000|  0%| F|  |TAMS 0x0000000703400000, 0x0000000703400000| Untracked 
|  39|0x0000000703500000, 0x0000000703500000, 0x0000000703600000|  0%| F|  |TAMS 0x0000000703500000, 0x0000000703500000| Untracked 
|  40|0x0000000703600000, 0x0000000703600000, 0x0000000703700000|  0%| F|  |TAMS 0x0000000703600000, 0x0000000703600000| Untracked 
|  41|0x0000000703700000, 0x0000000703700000, 0x0000000703800000|  0%| F|  |TAMS 0x0000000703700000, 0x0000000703700000| Untracked 
|  42|0x0000000703800000, 0x0000000703800000, 0x0000000703900000|  0%| F|  |TAMS 0x0000000703800000, 0x0000000703800000| Untracked 
|  43|0x0000000703900000, 0x0000000703900000, 0x0000000703a00000|  0%| F|  |TAMS 0x0000000703900000, 0x0000000703900000| Untracked 
|  44|0x0000000703a00000, 0x0000000703a00000, 0x0000000703b00000|  0%| F|  |TAMS 0x0000000703a00000, 0x0000000703a00000| Untracked 
|  45|0x0000000703b00000, 0x0000000703b00000, 0x0000000703c00000|  0%| F|  |TAMS 0x0000000703b00000, 0x0000000703b00000| Untracked 
|  46|0x0000000703c00000, 0x0000000703c00000, 0x0000000703d00000|  0%| F|  |TAMS 0x0000000703c00000, 0x0000000703c00000| Untracked 
|  47|0x0000000703d00000, 0x0000000703d00000, 0x0000000703e00000|  0%| F|  |TAMS 0x0000000703d00000, 0x0000000703d00000| Untracked 
|  48|0x0000000703e00000, 0x0000000703e00000, 0x0000000703f00000|  0%| F|  |TAMS 0x0000000703e00000, 0x0000000703e00000| Untracked 
|  49|0x0000000703f00000, 0x0000000703f00000, 0x0000000704000000|  0%| F|  |TAMS 0x0000000703f00000, 0x0000000703f00000| Untracked 
|  50|0x0000000704000000, 0x0000000704000000, 0x0000000704100000|  0%| F|  |TAMS 0x0000000704000000, 0x0000000704000000| Untracked 
|  51|0x0000000704100000, 0x0000000704100000, 0x0000000704200000|  0%| F|  |TAMS 0x0000000704100000, 0x0000000704100000| Untracked 
|  52|0x0000000704200000, 0x0000000704200000, 0x0000000704300000|  0%| F|  |TAMS 0x0000000704200000, 0x0000000704200000| Untracked 
|  53|0x0000000704300000, 0x0000000704300000, 0x0000000704400000|  0%| F|  |TAMS 0x0000000704300000, 0x0000000704300000| Untracked 
|  54|0x0000000704400000, 0x0000000704400000, 0x0000000704500000|  0%| F|  |TAMS 0x0000000704400000, 0x0000000704400000| Untracked 
|  55|0x0000000704500000, 0x0000000704500000, 0x0000000704600000|  0%| F|  |TAMS 0x0000000704500000, 0x0000000704500000| Untracked 
|  56|0x0000000704600000, 0x0000000704600000, 0x0000000704700000|  0%| F|  |TAMS 0x0000000704600000, 0x0000000704600000| Untracked 
|  57|0x0000000704700000, 0x0000000704700000, 0x0000000704800000|  0%| F|  |TAMS 0x0000000704700000, 0x0000000704700000| Untracked 
|  58|0x0000000704800000, 0x0000000704800000, 0x0000000704900000|  0%| F|  |TAMS 0x0000000704800000, 0x0000000704800000| Untracked 
|  59|0x0000000704900000, 0x0000000704900000, 0x0000000704a00000|  0%| F|  |TAMS 0x0000000704900000, 0x0000000704900000| Untracked 
|  60|0x0000000704a00000, 0x0000000704a00000, 0x0000000704b00000|  0%| F|  |TAMS 0x0000000704a00000, 0x0000000704a00000| Untracked 
|  61|0x0000000704b00000, 0x0000000704b00000, 0x0000000704c00000|  0%| F|  |TAMS 0x0000000704b00000, 0x0000000704b00000| Untracked 
|  62|0x0000000704c00000, 0x0000000704c00000, 0x0000000704d00000|  0%| F|  |TAMS 0x0000000704c00000, 0x0000000704c00000| Untracked 
|  63|0x0000000704d00000, 0x0000000704d00000, 0x0000000704e00000|  0%| F|  |TAMS 0x0000000704d00000, 0x0000000704d00000| Untracked 
|  64|0x0000000704e00000, 0x0000000704e00000, 0x0000000704f00000|  0%| F|  |TAMS 0x0000000704e00000, 0x0000000704e00000| Untracked 
|  65|0x0000000704f00000, 0x0000000704f00000, 0x0000000705000000|  0%| F|  |TAMS 0x0000000704f00000, 0x0000000704f00000| Untracked 
|  66|0x0000000705000000, 0x0000000705000000, 0x0000000705100000|  0%| F|  |TAMS 0x0000000705000000, 0x0000000705000000| Untracked 
|  67|0x0000000705100000, 0x0000000705100000, 0x0000000705200000|  0%| F|  |TAMS 0x0000000705100000, 0x0000000705100000| Untracked 
|  68|0x0000000705200000, 0x0000000705200000, 0x0000000705300000|  0%| F|  |TAMS 0x0000000705200000, 0x0000000705200000| Untracked 
|  69|0x0000000705300000, 0x0000000705300000, 0x0000000705400000|  0%| F|  |TAMS 0x0000000705300000, 0x0000000705300000| Untracked 
|  70|0x0000000705400000, 0x0000000705400000, 0x0000000705500000|  0%| F|  |TAMS 0x0000000705400000, 0x0000000705400000| Untracked 
|  71|0x0000000705500000, 0x0000000705500000, 0x0000000705600000|  0%| F|  |TAMS 0x0000000705500000, 0x0000000705500000| Untracked 
|  72|0x0000000705600000, 0x0000000705600000, 0x0000000705700000|  0%| F|  |TAMS 0x0000000705600000, 0x0000000705600000| Untracked 
|  73|0x0000000705700000, 0x0000000705700000, 0x0000000705800000|  0%| F|  |TAMS 0x0000000705700000, 0x0000000705700000| Untracked 
|  74|0x0000000705800000, 0x0000000705800000, 0x0000000705900000|  0%| F|  |TAMS 0x0000000705800000, 0x0000000705800000| Untracked 
|  75|0x0000000705900000, 0x0000000705900000, 0x0000000705a00000|  0%| F|  |TAMS 0x0000000705900000, 0x0000000705900000| Untracked 
|  76|0x0000000705a00000, 0x0000000705a00000, 0x0000000705b00000|  0%| F|  |TAMS 0x0000000705a00000, 0x0000000705a00000| Untracked 
|  77|0x0000000705b00000, 0x0000000705b00000, 0x0000000705c00000|  0%| F|  |TAMS 0x0000000705b00000, 0x0000000705b00000| Untracked 
|  78|0x0000000705c00000, 0x0000000705c00000, 0x0000000705d00000|  0%| F|  |TAMS 0x0000000705c00000, 0x0000000705c00000| Untracked 
|  79|0x0000000705d00000, 0x0000000705d00000, 0x0000000705e00000|  0%| F|  |TAMS 0x0000000705d00000, 0x0000000705d00000| Untracked 
|  80|0x0000000705e00000, 0x0000000705e00000, 0x0000000705f00000|  0%| F|  |TAMS 0x0000000705e00000, 0x0000000705e00000| Untracked 
|  81|0x0000000705f00000, 0x0000000705f00000, 0x0000000706000000|  0%| F|  |TAMS 0x0000000705f00000, 0x0000000705f00000| Untracked 
|  82|0x0000000706000000, 0x0000000706000000, 0x0000000706100000|  0%| F|  |TAMS 0x0000000706000000, 0x0000000706000000| Untracked 
|  83|0x0000000706100000, 0x0000000706100000, 0x0000000706200000|  0%| F|  |TAMS 0x0000000706100000, 0x0000000706100000| Untracked 
|  84|0x0000000706200000, 0x0000000706200000, 0x0000000706300000|  0%| F|  |TAMS 0x0000000706200000, 0x0000000706200000| Untracked 
|  85|0x0000000706300000, 0x0000000706300000, 0x0000000706400000|  0%| F|  |TAMS 0x0000000706300000, 0x0000000706300000| Untracked 
|  86|0x0000000706400000, 0x0000000706400000, 0x0000000706500000|  0%| F|  |TAMS 0x0000000706400000, 0x0000000706400000| Untracked 
|  87|0x0000000706500000, 0x0000000706500000, 0x0000000706600000|  0%| F|  |TAMS 0x0000000706500000, 0x0000000706500000| Untracked 
|  88|0x0000000706600000, 0x0000000706600000, 0x0000000706700000|  0%| F|  |TAMS 0x0000000706600000, 0x0000000706600000| Untracked 
|  89|0x0000000706700000, 0x0000000706700000, 0x0000000706800000|  0%| F|  |TAMS 0x0000000706700000, 0x0000000706700000| Untracked 
|  90|0x0000000706800000, 0x0000000706800000, 0x0000000706900000|  0%| F|  |TAMS 0x0000000706800000, 0x0000000706800000| Untracked 
|  91|0x0000000706900000, 0x0000000706900000, 0x0000000706a00000|  0%| F|  |TAMS 0x0000000706900000, 0x0000000706900000| Untracked 
|  92|0x0000000706a00000, 0x0000000706a00000, 0x0000000706b00000|  0%| F|  |TAMS 0x0000000706a00000, 0x0000000706a00000| Untracked 
|  93|0x0000000706b00000, 0x0000000706b00000, 0x0000000706c00000|  0%| F|  |TAMS 0x0000000706b00000, 0x0000000706b00000| Untracked 
|  94|0x0000000706c00000, 0x0000000706c00000, 0x0000000706d00000|  0%| F|  |TAMS 0x0000000706c00000, 0x0000000706c00000| Untracked 
|  95|0x0000000706d00000, 0x0000000706d00000, 0x0000000706e00000|  0%| F|  |TAMS 0x0000000706d00000, 0x0000000706d00000| Untracked 
|  96|0x0000000706e00000, 0x0000000706e00000, 0x0000000706f00000|  0%| F|  |TAMS 0x0000000706e00000, 0x0000000706e00000| Untracked 
|  97|0x0000000706f00000, 0x0000000706f00000, 0x0000000707000000|  0%| F|  |TAMS 0x0000000706f00000, 0x0000000706f00000| Untracked 
|  98|0x0000000707000000, 0x0000000707000000, 0x0000000707100000|  0%| F|  |TAMS 0x0000000707000000, 0x0000000707000000| Untracked 
|  99|0x0000000707100000, 0x0000000707100000, 0x0000000707200000|  0%| F|  |TAMS 0x0000000707100000, 0x0000000707100000| Untracked 
| 100|0x0000000707200000, 0x0000000707200000, 0x0000000707300000|  0%| F|  |TAMS 0x0000000707200000, 0x0000000707200000| Untracked 
| 101|0x0000000707300000, 0x0000000707300000, 0x0000000707400000|  0%| F|  |TAMS 0x0000000707300000, 0x0000000707300000| Untracked 
| 102|0x0000000707400000, 0x0000000707400000, 0x0000000707500000|  0%| F|  |TAMS 0x0000000707400000, 0x0000000707400000| Untracked 
| 103|0x0000000707500000, 0x0000000707500000, 0x0000000707600000|  0%| F|  |TAMS 0x0000000707500000, 0x0000000707500000| Untracked 
| 104|0x0000000707600000, 0x0000000707600000, 0x0000000707700000|  0%| F|  |TAMS 0x0000000707600000, 0x0000000707600000| Untracked 
| 105|0x0000000707700000, 0x0000000707700000, 0x0000000707800000|  0%| F|  |TAMS 0x0000000707700000, 0x0000000707700000| Untracked 
| 106|0x0000000707800000, 0x0000000707800000, 0x0000000707900000|  0%| F|  |TAMS 0x0000000707800000, 0x0000000707800000| Untracked 
| 107|0x0000000707900000, 0x0000000707900000, 0x0000000707a00000|  0%| F|  |TAMS 0x0000000707900000, 0x0000000707900000| Untracked 
| 108|0x0000000707a00000, 0x0000000707a00000, 0x0000000707b00000|  0%| F|  |TAMS 0x0000000707a00000, 0x0000000707a00000| Untracked 
| 109|0x0000000707b00000, 0x0000000707b00000, 0x0000000707c00000|  0%| F|  |TAMS 0x0000000707b00000, 0x0000000707b00000| Untracked 
| 110|0x0000000707c00000, 0x0000000707c00000, 0x0000000707d00000|  0%| F|  |TAMS 0x0000000707c00000, 0x0000000707c00000| Untracked 
| 111|0x0000000707d00000, 0x0000000707d00000, 0x0000000707e00000|  0%| F|  |TAMS 0x0000000707d00000, 0x0000000707d00000| Untracked 
| 112|0x0000000707e00000, 0x0000000707e00000, 0x0000000707f00000|  0%| F|  |TAMS 0x0000000707e00000, 0x0000000707e00000| Untracked 
| 113|0x0000000707f00000, 0x0000000707f00000, 0x0000000708000000|  0%| F|  |TAMS 0x0000000707f00000, 0x0000000707f00000| Untracked 
| 114|0x0000000708000000, 0x0000000708000000, 0x0000000708100000|  0%| F|  |TAMS 0x0000000708000000, 0x0000000708000000| Untracked 
| 115|0x0000000708100000, 0x0000000708100000, 0x0000000708200000|  0%| F|  |TAMS 0x0000000708100000, 0x0000000708100000| Untracked 
| 116|0x0000000708200000, 0x0000000708200000, 0x0000000708300000|  0%| F|  |TAMS 0x0000000708200000, 0x0000000708200000| Untracked 
| 117|0x0000000708300000, 0x0000000708300000, 0x0000000708400000|  0%| F|  |TAMS 0x0000000708300000, 0x0000000708300000| Untracked 
| 118|0x0000000708400000, 0x0000000708400000, 0x0000000708500000|  0%| F|  |TAMS 0x0000000708400000, 0x0000000708400000| Untracked 
| 119|0x0000000708500000, 0x0000000708500000, 0x0000000708600000|  0%| F|  |TAMS 0x0000000708500000, 0x0000000708500000| Untracked 
| 120|0x0000000708600000, 0x0000000708600000, 0x0000000708700000|  0%| F|  |TAMS 0x0000000708600000, 0x0000000708600000| Untracked 
| 121|0x0000000708700000, 0x0000000708700000, 0x0000000708800000|  0%| F|  |TAMS 0x0000000708700000, 0x0000000708700000| Untracked 
| 122|0x0000000708800000, 0x0000000708800000, 0x0000000708900000|  0%| F|  |TAMS 0x0000000708800000, 0x0000000708800000| Untracked 
| 123|0x0000000708900000, 0x0000000708900000, 0x0000000708a00000|  0%| F|  |TAMS 0x0000000708900000, 0x0000000708900000| Untracked 
| 124|0x0000000708a00000, 0x0000000708a00000, 0x0000000708b00000|  0%| F|  |TAMS 0x0000000708a00000, 0x0000000708a00000| Untracked 
| 125|0x0000000708b00000, 0x0000000708b00000, 0x0000000708c00000|  0%| F|  |TAMS 0x0000000708b00000, 0x0000000708b00000| Untracked 
| 126|0x0000000708c00000, 0x0000000708c00000, 0x0000000708d00000|  0%| F|  |TAMS 0x0000000708c00000, 0x0000000708c00000| Untracked 
| 127|0x0000000708d00000, 0x0000000708d00000, 0x0000000708e00000|  0%| F|  |TAMS 0x0000000708d00000, 0x0000000708d00000| Untracked 
| 128|0x0000000708e00000, 0x0000000708e00000, 0x0000000708f00000|  0%| F|  |TAMS 0x0000000708e00000, 0x0000000708e00000| Untracked 
| 129|0x0000000708f00000, 0x0000000708f00000, 0x0000000709000000|  0%| F|  |TAMS 0x0000000708f00000, 0x0000000708f00000| Untracked 
| 130|0x0000000709000000, 0x0000000709000000, 0x0000000709100000|  0%| F|  |TAMS 0x0000000709000000, 0x0000000709000000| Untracked 
| 131|0x0000000709100000, 0x0000000709100000, 0x0000000709200000|  0%| F|  |TAMS 0x0000000709100000, 0x0000000709100000| Untracked 
| 132|0x0000000709200000, 0x0000000709200000, 0x0000000709300000|  0%| F|  |TAMS 0x0000000709200000, 0x0000000709200000| Untracked 
| 133|0x0000000709300000, 0x0000000709300000, 0x0000000709400000|  0%| F|  |TAMS 0x0000000709300000, 0x0000000709300000| Untracked 
| 134|0x0000000709400000, 0x0000000709400000, 0x0000000709500000|  0%| F|  |TAMS 0x0000000709400000, 0x0000000709400000| Untracked 
| 135|0x0000000709500000, 0x0000000709500000, 0x0000000709600000|  0%| F|  |TAMS 0x0000000709500000, 0x0000000709500000| Untracked 
| 136|0x0000000709600000, 0x0000000709602850, 0x0000000709700000|  0%| S|CS|TAMS 0x0000000709600000, 0x0000000709600000| Complete 
| 150|0x000000070a400000, 0x000000070a49d518, 0x000000070a500000| 61%| E|  |TAMS 0x000000070a400000, 0x000000070a400000| Complete 

Card table byte_map: [0x000001bb62fa0000,0x000001bb637a0000] _byte_map_base: 0x000001bb5f799000

Marking Bits (Prev, Next): (CMBitMap*) 0x000001bb4b014a18, (CMBitMap*) 0x000001bb4b014a50
 Prev Bits: [0x000001bb63fa0000, 0x000001bb67f68000)
 Next Bits: [0x000001bb67f70000, 0x000001bb6bf38000)

Polling page: 0x000001bb48e20000

Metaspace:

Usage:
  Non-class:     14.86 MB capacity,    14.58 MB ( 98%) used,   238.26 KB (  2%) free+waste,    48.06 KB ( <1%) overhead. 
      Class:      1.77 MB capacity,     1.59 MB ( 90%) used,   154.69 KB (  9%) free+waste,    22.56 KB (  1%) overhead. 
       Both:     16.63 MB capacity,    16.18 MB ( 97%) used,   392.95 KB (  2%) free+waste,    70.63 KB ( <1%) overhead. 

Virtual space:
  Non-class space:       16.00 MB reserved,      15.00 MB ( 94%) committed 
      Class space:        1.00 GB reserved,       1.88 MB ( <1%) committed 
             Both:        1.02 GB reserved,      16.88 MB (  2%) committed 

Chunk freelists:
   Non-Class:  12.00 KB
       Class:  16.00 KB
        Both:  28.00 KB

MaxMetaspaceSize: 17179869184.00 GB
CompressedClassSpaceSize: 1.00 GB

CodeHeap 'non-profiled nmethods': size=120064Kb used=802Kb max_used=802Kb free=119262Kb
 bounds [0x000001bb5b150000, 0x000001bb5b3c0000, 0x000001bb62690000]
CodeHeap 'profiled nmethods': size=120000Kb used=2989Kb max_used=2989Kb free=117010Kb
 bounds [0x000001bb53c20000, 0x000001bb53f10000, 0x000001bb5b150000]
CodeHeap 'non-nmethods': size=5696Kb used=1306Kb max_used=1339Kb free=4389Kb
 bounds [0x000001bb53690000, 0x000001bb53900000, 0x000001bb53c20000]
 total_blobs=2120 nmethods=1530 adapters=510
 compilation: enabled
              stopped_count=0, restarted_count=0
 full_count=0

Compilation events (20 events):
Event: 394.051 Thread 0x000001bb6f1cc000 nmethod 1522 0x000001bb5b211690 code [0x000001bb5b211840, 0x000001bb5b211978]
Event: 394.343 Thread 0x000001bb6f1cc000 1523       4       java.util.HashSet::contains (9 bytes)
Event: 394.348 Thread 0x000001bb6f1cc000 nmethod 1523 0x000001bb5b211a90 code [0x000001bb5b211c80, 0x000001bb5b212448]
Event: 394.392 Thread 0x000001bb6f1cc000 1524       4       greenfoot.TreeActorSet$TasIterator::next (5 bytes)
Event: 394.397 Thread 0x000001bb6f1cc000 nmethod 1524 0x000001bb5b212990 code [0x000001bb5b212b60, 0x000001bb5b212f58]
Event: 397.511 Thread 0x000001bb6f1cc000 1525   !   4       greenfoot.core.Simulation::fireSimulationEventSync (61 bytes)
Event: 397.516 Thread 0x000001bb6f1cc000 nmethod 1525 0x000001bb5b213210 code [0x000001bb5b2133e0, 0x000001bb5b213cf8]
Event: 398.226 Thread 0x000001bb6f1cc000 1526       4       java.util.Arrays::copyOf (40 bytes)
Event: 398.229 Thread 0x000001bb6f1cc000 nmethod 1526 0x000001bb5b214190 code [0x000001bb5b214340, 0x000001bb5b214878]
Event: 399.526 Thread 0x000001bb6f1cc000 1527       4       sun.java2d.SunGraphics2D::invalidatePipe (41 bytes)
Event: 399.528 Thread 0x000001bb6f1cc000 nmethod 1527 0x000001bb5b214b90 code [0x000001bb5b214d20, 0x000001bb5b2151f8]
Event: 401.426 Thread 0x000001bb6f1cc000 1528       4       java.util.LinkedList$ListItr::hasNext (20 bytes)
Event: 401.427 Thread 0x000001bb6f1cc000 nmethod 1528 0x000001bb5b215290 code [0x000001bb5b215420, 0x000001bb5b2154d8]
Event: 401.573 Thread 0x000001bb6f1cc000 1529   !   4       sun.awt.image.SurfaceManager::getManager (47 bytes)
Event: 401.573 Thread 0x000001bb6f1cc000 nmethod 1529 0x000001bb5b215590 code [0x000001bb5b215720, 0x000001bb5b2157f8]
Event: 401.670 Thread 0x000001bb6f1cc000 1530       4       greenfoot.core.WorldHandler::simulationChangedSync (29 bytes)
Event: 401.673 Thread 0x000001bb6f1cc000 nmethod 1530 0x000001bb5b215910 code [0x000001bb5b215ac0, 0x000001bb5b2160b8]
Event: 401.686 Thread 0x000001bb6f1cc000 1531       4       greenfoot.collision.ColManager::makeCollisionObjects (306 bytes)
Event: 401.702 Thread 0x000001bb6f1cc000 nmethod 1531 0x000001bb5b216410 code [0x000001bb5b216680, 0x000001bb5b217b68]
Event: 402.191 Thread 0x000001bb6f1cc000 1532       4       greenfoot.core.GreenfootMain$1$1::simulationChangedSync (92 bytes)

GC Heap History (20 events):
Event: 393.325 GC heap before
{Heap before GC invocations=61 (full 2):
 garbage-first heap   total 141312K, used 62010K [0x0000000700e00000, 0x0000000800000000)
  region size 1024K, 2 young (2048K), 1 survivors (1024K)
 Metaspace       used 16564K, capacity 17028K, committed 17280K, reserved 1064960K
  class space    used 1630K, capacity 1808K, committed 1920K, reserved 1048576K
}
Event: 393.326 GC heap after
{Heap after GC invocations=62 (full 2):
 garbage-first heap   total 141312K, used 6712K [0x0000000700e00000, 0x0000000800000000)
  region size 1024K, 1 young (1024K), 1 survivors (1024K)
 Metaspace       used 16564K, capacity 17028K, committed 17280K, reserved 1064960K
  class space    used 1630K, capacity 1808K, committed 1920K, reserved 1048576K
}
Event: 394.234 GC heap before
{Heap before GC invocations=63 (full 2):
 garbage-first heap   total 141312K, used 62008K [0x0000000700e00000, 0x0000000800000000)
  region size 1024K, 2 young (2048K), 1 survivors (1024K)
 Metaspace       used 16564K, capacity 17028K, committed 17280K, reserved 1064960K
  class space    used 1630K, capacity 1808K, committed 1920K, reserved 1048576K
}
Event: 394.234 GC heap after
{Heap after GC invocations=64 (full 2):
 garbage-first heap   total 141312K, used 6710K [0x0000000700e00000, 0x0000000800000000)
  region size 1024K, 1 young (1024K), 1 survivors (1024K)
 Metaspace       used 16564K, capacity 17028K, committed 17280K, reserved 1064960K
  class space    used 1630K, capacity 1808K, committed 1920K, reserved 1048576K
}
Event: 395.210 GC heap before
{Heap before GC invocations=65 (full 2):
 garbage-first heap   total 141312K, used 62006K [0x0000000700e00000, 0x0000000800000000)
  region size 1024K, 2 young (2048K), 1 survivors (1024K)
 Metaspace       used 16564K, capacity 17028K, committed 17280K, reserved 1064960K
  class space    used 1630K, capacity 1808K, committed 1920K, reserved 1048576K
}
Event: 395.211 GC heap after
{Heap after GC invocations=66 (full 2):
 garbage-first heap   total 141312K, used 6712K [0x0000000700e00000, 0x0000000800000000)
  region size 1024K, 1 young (1024K), 1 survivors (1024K)
 Metaspace       used 16564K, capacity 17028K, committed 17280K, reserved 1064960K
  class space    used 1630K, capacity 1808K, committed 1920K, reserved 1048576K
}
Event: 396.283 GC heap before
{Heap before GC invocations=67 (full 2):
 garbage-first heap   total 141312K, used 62008K [0x0000000700e00000, 0x0000000800000000)
  region size 1024K, 2 young (2048K), 1 survivors (1024K)
 Metaspace       used 16564K, capacity 17028K, committed 17280K, reserved 1064960K
  class space    used 1630K, capacity 1808K, committed 1920K, reserved 1048576K
}
Event: 396.285 GC heap after
{Heap after GC invocations=68 (full 2):
 garbage-first heap   total 141312K, used 6718K [0x0000000700e00000, 0x0000000800000000)
  region size 1024K, 1 young (1024K), 1 survivors (1024K)
 Metaspace       used 16564K, capacity 17028K, committed 17280K, reserved 1064960K
  class space    used 1630K, capacity 1808K, committed 1920K, reserved 1048576K
}
Event: 397.195 GC heap before
{Heap before GC invocations=69 (full 2):
 garbage-first heap   total 141312K, used 62014K [0x0000000700e00000, 0x0000000800000000)
  region size 1024K, 2 young (2048K), 1 survivors (1024K)
 Metaspace       used 16564K, capacity 17028K, committed 17280K, reserved 1064960K
  class space    used 1630K, capacity 1808K, committed 1920K, reserved 1048576K
}
Event: 397.196 GC heap after
{Heap after GC invocations=70 (full 2):
 garbage-first heap   total 141312K, used 6724K [0x0000000700e00000, 0x0000000800000000)
  region size 1024K, 1 young (1024K), 1 survivors (1024K)
 Metaspace       used 16564K, capacity 17028K, committed 17280K, reserved 1064960K
  class space    used 1630K, capacity 1808K, committed 1920K, reserved 1048576K
}
Event: 398.165 GC heap before
{Heap before GC invocations=71 (full 2):
 garbage-first heap   total 141312K, used 62020K [0x0000000700e00000, 0x0000000800000000)
  region size 1024K, 2 young (2048K), 1 survivors (1024K)
 Metaspace       used 16564K, capacity 17028K, committed 17280K, reserved 1064960K
  class space    used 1630K, capacity 1808K, committed 1920K, reserved 1048576K
}
Event: 398.166 GC heap after
{Heap after GC invocations=72 (full 2):
 garbage-first heap   total 141312K, used 6726K [0x0000000700e00000, 0x0000000800000000)
  region size 1024K, 1 young (1024K), 1 survivors (1024K)
 Metaspace       used 16564K, capacity 17028K, committed 17280K, reserved 1064960K
  class space    used 1630K, capacity 1808K, committed 1920K, reserved 1048576K
}
Event: 399.134 GC heap before
{Heap before GC invocations=73 (full 2):
 garbage-first heap   total 141312K, used 62022K [0x0000000700e00000, 0x0000000800000000)
  region size 1024K, 2 young (2048K), 1 survivors (1024K)
 Metaspace       used 16564K, capacity 17028K, committed 17280K, reserved 1064960K
  class space    used 1630K, capacity 1808K, committed 1920K, reserved 1048576K
}
Event: 399.135 GC heap after
{Heap after GC invocations=74 (full 2):
 garbage-first heap   total 141312K, used 6727K [0x0000000700e00000, 0x0000000800000000)
  region size 1024K, 1 young (1024K), 1 survivors (1024K)
 Metaspace       used 16564K, capacity 17028K, committed 17280K, reserved 1064960K
  class space    used 1630K, capacity 1808K, committed 1920K, reserved 1048576K
}
Event: 400.008 GC heap before
{Heap before GC invocations=75 (full 2):
 garbage-first heap   total 141312K, used 62023K [0x0000000700e00000, 0x0000000800000000)
  region size 1024K, 2 young (2048K), 1 survivors (1024K)
 Metaspace       used 16564K, capacity 17028K, committed 17280K, reserved 1064960K
  class space    used 1630K, capacity 1808K, committed 1920K, reserved 1048576K
}
Event: 400.009 GC heap after
{Heap after GC invocations=76 (full 2):
 garbage-first heap   total 141312K, used 6735K [0x0000000700e00000, 0x0000000800000000)
  region size 1024K, 1 young (1024K), 1 survivors (1024K)
 Metaspace       used 16564K, capacity 17028K, committed 17280K, reserved 1064960K
  class space    used 1630K, capacity 1808K, committed 1920K, reserved 1048576K
}
Event: 400.912 GC heap before
{Heap before GC invocations=77 (full 2):
 garbage-first heap   total 141312K, used 62031K [0x0000000700e00000, 0x0000000800000000)
  region size 1024K, 2 young (2048K), 1 survivors (1024K)
 Metaspace       used 16564K, capacity 17028K, committed 17280K, reserved 1064960K
  class space    used 1630K, capacity 1808K, committed 1920K, reserved 1048576K
}
Event: 400.913 GC heap after
{Heap after GC invocations=78 (full 2):
 garbage-first heap   total 141312K, used 6740K [0x0000000700e00000, 0x0000000800000000)
  region size 1024K, 1 young (1024K), 1 survivors (1024K)
 Metaspace       used 16564K, capacity 17028K, committed 17280K, reserved 1064960K
  class space    used 1630K, capacity 1808K, committed 1920K, reserved 1048576K
}
Event: 401.878 GC heap before
{Heap before GC invocations=79 (full 2):
 garbage-first heap   total 141312K, used 62036K [0x0000000700e00000, 0x0000000800000000)
  region size 1024K, 2 young (2048K), 1 survivors (1024K)
 Metaspace       used 16564K, capacity 17028K, committed 17280K, reserved 1064960K
  class space    used 1630K, capacity 1808K, committed 1920K, reserved 1048576K
}
Event: 401.879 GC heap after
{Heap after GC invocations=80 (full 2):
 garbage-first heap   total 141312K, used 6746K [0x0000000700e00000, 0x0000000800000000)
  region size 1024K, 1 young (1024K), 1 survivors (1024K)
 Metaspace       used 16564K, capacity 17028K, committed 17280K, reserved 1064960K
  class space    used 1630K, capacity 1808K, committed 1920K, reserved 1048576K
}

Deoptimization events (20 events):
Event: 2.966 Thread 0x000001bb7174a000 DEOPT PACKING pc=0x000001bb5b1ca94c sp=0x00000016f41ff0a0
Event: 2.966 Thread 0x000001bb7174a000 DEOPT UNPACKING pc=0x000001bb536cc62f sp=0x00000016f41ff060 mode 2
Event: 379.815 Thread 0x000001bb7174a000 Uncommon trap: trap_request=0xffffff4d fr.pc=0x000001bb5b1e3a68 relative=0x0000000000000a28
Event: 379.815 Thread 0x000001bb7174a000 Uncommon trap: reason=unstable_if action=reinterpret pc=0x000001bb5b1e3a68 method=greenfoot.vmcomm.VMCommsSimulation.readCommands([Ljava/lang/String;)I @ 171 c2
Event: 379.815 Thread 0x000001bb7174a000 DEOPT PACKING pc=0x000001bb5b1e3a68 sp=0x00000016f41ff020
Event: 379.815 Thread 0x000001bb7174a000 DEOPT UNPACKING pc=0x000001bb536cc62f sp=0x00000016f41fefb0 mode 2
Event: 379.832 Thread 0x000001bb7174a000 Uncommon trap: trap_request=0xffffff4d fr.pc=0x000001bb5b1e7b0c relative=0x00000000000031cc
Event: 379.832 Thread 0x000001bb7174a000 Uncommon trap: reason=unstable_if action=reinterpret pc=0x000001bb5b1e7b0c method=greenfoot.vmcomm.VMCommsSimulation.doInterVMComms()V @ 613 c2
Event: 379.832 Thread 0x000001bb7174a000 DEOPT PACKING pc=0x000001bb5b1e7b0c sp=0x00000016f41ff0a0
Event: 379.832 Thread 0x000001bb7174a000 DEOPT UNPACKING pc=0x000001bb536cc62f sp=0x00000016f41ff048 mode 2
Event: 380.011 Thread 0x000001bb71747000 DEOPT PACKING pc=0x000001bb53e768d0 sp=0x00000016f42ff3d0
Event: 380.011 Thread 0x000001bb71747000 DEOPT UNPACKING pc=0x000001bb536cc44e sp=0x00000016f42fe8b0 mode 0
Event: 380.028 Thread 0x000001bb71747000 DEOPT PACKING pc=0x000001bb53e768d0 sp=0x00000016f42ff3d0
Event: 380.028 Thread 0x000001bb71747000 DEOPT UNPACKING pc=0x000001bb536cc44e sp=0x00000016f42fe8b0 mode 0
Event: 381.848 Thread 0x000001bb7174a000 DEOPT PACKING pc=0x000001bb53e9ddf0 sp=0x00000016f41fefd0
Event: 381.848 Thread 0x000001bb7174a000 DEOPT UNPACKING pc=0x000001bb536cc44e sp=0x00000016f41fe4c8 mode 0
Event: 399.404 Thread 0x000001bb7174a000 Uncommon trap: trap_request=0xffffff4d fr.pc=0x000001bb5b1d66ac relative=0x00000000000003cc
Event: 399.404 Thread 0x000001bb7174a000 Uncommon trap: reason=unstable_if action=reinterpret pc=0x000001bb5b1d66ac method=java.util.HashMap.removeNode(ILjava/lang/Object;Ljava/lang/Object;ZZ)Ljava/util/HashMap$Node; @ 58 c2
Event: 399.404 Thread 0x000001bb7174a000 DEOPT PACKING pc=0x000001bb5b1d66ac sp=0x00000016f41fede0
Event: 399.404 Thread 0x000001bb7174a000 DEOPT UNPACKING pc=0x000001bb536cc62f sp=0x00000016f41feca0 mode 2

Classes redefined (0 events):
No events

Internal exceptions (20 events):
Event: 1.154 Thread 0x000001bb6f89d800 Exception <a 'java/security/PrivilegedActionException'{0x0000000710656290}> (0x0000000710656290) thrown at [./src/hotspot/share/prims/jvm.cpp, line 1306]
Event: 1.154 Thread 0x000001bb6f89d800 Exception <a 'java/security/PrivilegedActionException'{0x0000000710656560}> (0x0000000710656560) thrown at [./src/hotspot/share/prims/jvm.cpp, line 1306]
Event: 1.839 Thread 0x000001bb6f89c800 Exception <a 'java/lang/NoSuchMethodError'{0x00000007104b4700}: 'java.lang.Object java.lang.invoke.DirectMethodHandle$Holder.invokeStatic(java.lang.Object, java.lang.Object, java.lang.Object, java.lang.Object, java.lang.Object, java.lang.Object, java.lang.Object, java.lang.Object, java.lang.Object, java.lang.Object, java.lang.Object, int)'> (0x00000007104b4700) thrown at [./src/hotspot/share/interpreter/linkResolver.cpp, line 773]
Event: 1.840 Thread 0x000001bb6f89c800 Exception <a 'java/lang/NoSuchMethodError'{0x00000007104d2630}: 'java.lang.Object java.lang.invoke.DirectMethodHandle$Holder.invokeStatic(java.lang.Object, java.lang.Object, java.lang.Object, java.lang.Object, java.lang.Object, java.lang.Object, java.lang.Object, java.lang.Object, java.lang.Object, java.lang.Object, java.lang.Object, int, int)'> (0x00000007104d2630) thrown at [./src/hotspot/share/interpreter/linkResolver.cpp, line 773]
Event: 1.842 Thread 0x000001bb6f89c800 Exception <a 'java/lang/NoSuchMethodError'{0x00000007104f1608}: 'java.lang.Object java.lang.invoke.DirectMethodHandle$Holder.invokeStatic(java.lang.Object, java.lang.Object, java.lang.Object, java.lang.Object, java.lang.Object, java.lang.Object, java.lang.Object, java.lang.Object, java.lang.Object, java.lang.Object, java.lang.Object, int, int, java.lang.Object)'> (0x00000007104f1608) thrown at [./src/hotspot/share/interpreter/linkResolver.cpp, line 773]
Event: 1.843 Thread 0x000001bb6f89c800 Exception <a 'java/lang/NoSuchMethodError'{0x0000000710311ee0}: 'java.lang.Object java.lang.invoke.DirectMethodHandle$Holder.invokeStatic(java.lang.Object, java.lang.Object, java.lang.Object, java.lang.Object, java.lang.Object, java.lang.Object, java.lang.Object, java.lang.Object, java.lang.Object, java.lang.Object, java.lang.Object, int, int, java.lang.Object, java.lang.Object)'> (0x0000000710311ee0) thrown at [./src/hotspot/share/interpreter/linkResolver.cpp, line 773]
Event: 2.153 Thread 0x000001bb6f89c800 Exception <a 'java/lang/ClassNotFoundException'{0x000000071028c0c8}: sun/net/www/protocol/c/Handler> (0x000000071028c0c8) thrown at [./src/hotspot/share/classfile/systemDictionary.cpp, line 231]
Event: 2.153 Thread 0x000001bb6f89c800 Exception <a 'java/lang/ClassNotFoundException'{0x0000000710292830}: sun/net/www/protocol/c/Handler> (0x0000000710292830) thrown at [./src/hotspot/share/classfile/systemDictionary.cpp, line 231]
Event: 2.154 Thread 0x000001bb6f89c800 Exception <a 'java/lang/ClassNotFoundException'{0x0000000710298ef0}: sun/net/www/protocol/c/Handler> (0x0000000710298ef0) thrown at [./src/hotspot/share/classfile/systemDictionary.cpp, line 231]
Event: 2.181 Thread 0x000001bb6f89c800 Exception <a 'java/lang/NoSuchMethodError'{0x00000007102fb500}: 'java.lang.Object java.lang.invoke.DirectMethodHandle$Holder.invokeStatic(java.lang.Object, int, int, int, int)'> (0x00000007102fb500) thrown at [./src/hotspot/share/interpreter/linkResolver.cpp, line 773]
Event: 2.181 Thread 0x000001bb6f89c800 Exception <a 'java/lang/NoSuchMethodError'{0x00000007102fe628}: 'java.lang.Object java.lang.invoke.DirectMethodHandle$Holder.invokeStaticInit(java.lang.Object, int, int, int, int)'> (0x00000007102fe628) thrown at [./src/hotspot/share/interpreter/linkResolver.cpp, line 773]
Event: 2.380 Thread 0x000001bb6f89c800 Exception <a 'java/lang/NoSuchMethodError'{0x0000000710d197c8}: 'java.lang.Object java.lang.invoke.DirectMethodHandle$Holder.invokeStatic(java.lang.Object, java.lang.Object, int, int, int, int)'> (0x0000000710d197c8) thrown at [./src/hotspot/share/interpreter/linkResolver.cpp, line 773]
Event: 2.381 Thread 0x000001bb6f89c800 Exception <a 'java/lang/NoSuchMethodError'{0x0000000710d1cb20}: 'java.lang.Object java.lang.invoke.DirectMethodHandle$Holder.invokeStaticInit(java.lang.Object, java.lang.Object, int, int, int, int)'> (0x0000000710d1cb20) thrown at [./src/hotspot/share/interpreter/linkResolver.cpp, line 773]
Event: 2.464 Thread 0x000001bb70fc5800 Exception <a 'java/lang/NoSuchMethodError'{0x0000000710a3a2e0}: 'java.lang.Object java.lang.invoke.DirectMethodHandle$Holder.invokeStatic(java.lang.Object, java.lang.Object, java.lang.Object, java.lang.Object, java.lang.Object, java.lang.Object, java.lang.Object, java.lang.Object, int, int, java.lang.Object)'> (0x0000000710a3a2e0) thrown at [./src/hotspot/share/interpreter/linkResolver.cpp, line 773]
Event: 2.549 Thread 0x000001bb70fc5800 Exception <a 'java/lang/NoSuchMethodError'{0x00000007107a08a0}: 'int java.lang.invoke.DirectMethodHandle$Holder.invokeStaticInit(java.lang.Object, java.lang.Object, java.lang.Object)'> (0x00000007107a08a0) thrown at [./src/hotspot/share/interpreter/linkResolver.cpp, line 773]
Event: 2.568 Thread 0x000001bb70fc5800 Exception <a 'java/lang/NoSuchMethodError'{0x000000071067d0b0}: 'java.lang.Object java.lang.invoke.DirectMethodHandle$Holder.invokeStatic(java.lang.Object, java.lang.Object, int, java.lang.Object)'> (0x000000071067d0b0) thrown at [./src/hotspot/share/interpreter/linkResolver.cpp, line 773]
Event: 2.569 Thread 0x000001bb70fc5800 Exception <a 'java/lang/NoSuchMethodError'{0x00000007106906c0}: 'java.lang.Object java.lang.invoke.DirectMethodHandle$Holder.invokeSpecial(java.lang.Object, java.lang.Object, java.lang.Object, int, java.lang.Object)'> (0x00000007106906c0) thrown at [./src/hotspot/share/interpreter/linkResolver.cpp, line 773]
Event: 2.569 Thread 0x000001bb70fc5800 Exception <a 'java/lang/NoSuchMethodError'{0x00000007106938b0}: 'java.lang.Object java.lang.invoke.Invokers$Holder.linkToTargetMethod(java.lang.Object, int, java.lang.Object, java.lang.Object)'> (0x00000007106938b0) thrown at [./src/hotspot/share/interpreter/linkResolver.cpp, line 773]
Event: 2.645 Thread 0x000001bb71423000 Exception <a 'java/lang/NoSuchMethodError'{0x0000000710d65628}: 'void java.lang.invoke.DirectMethodHandle$Holder.invokeStaticInit(java.lang.Object)'> (0x0000000710d65628) thrown at [./src/hotspot/share/interpreter/linkResolver.cpp, line 773]
Event: 2.966 Thread 0x000001bb7174a000 Implicit null exception at 0x000001bb5b1c78a0 to 0x000001bb5b1ca93c

Events (20 events):
Event: 399.142 Executing VM operation: CGC_Operation
Event: 399.142 Executing VM operation: CGC_Operation done
Event: 400.008 Executing VM operation: G1CollectForAllocation
Event: 400.009 Executing VM operation: G1CollectForAllocation done
Event: 400.012 Executing VM operation: CGC_Operation
Event: 400.013 Executing VM operation: CGC_Operation done
Event: 400.014 Executing VM operation: CGC_Operation
Event: 400.014 Executing VM operation: CGC_Operation done
Event: 400.912 Executing VM operation: G1CollectForAllocation
Event: 400.913 Executing VM operation: G1CollectForAllocation done
Event: 400.915 Executing VM operation: CGC_Operation
Event: 400.916 Executing VM operation: CGC_Operation done
Event: 400.917 Executing VM operation: CGC_Operation
Event: 400.917 Executing VM operation: CGC_Operation done
Event: 401.878 Executing VM operation: G1CollectForAllocation
Event: 401.879 Executing VM operation: G1CollectForAllocation done
Event: 401.881 Executing VM operation: CGC_Operation
Event: 401.882 Executing VM operation: CGC_Operation done
Event: 401.883 Executing VM operation: CGC_Operation
Event: 401.883 Executing VM operation: CGC_Operation done


Dynamic libraries:
0x00007ff774b10000 - 0x00007ff774b1d000 	C:\Program Files\Greenfoot\jdk\bin\java.exe
0x00007ffa43260000 - 0x00007ffa43450000 	C:\WINDOWS\SYSTEM32\ntdll.dll
0x00007ffa42d50000 - 0x00007ffa42e03000 	C:\WINDOWS\System32\KERNEL32.DLL
0x00007ffa40d10000 - 0x00007ffa40fb6000 	C:\WINDOWS\System32\KERNELBASE.dll
0x00007ffa40b10000 - 0x00007ffa40c0a000 	C:\WINDOWS\System32\ucrtbase.dll
0x00007ffa3de30000 - 0x00007ffa3de45000 	C:\Program Files\Greenfoot\jdk\bin\VCRUNTIME140.dll
0x00007ffa33f80000 - 0x00007ffa33f97000 	C:\Program Files\Greenfoot\jdk\bin\jli.dll
0x00007ffa414c0000 - 0x00007ffa41654000 	C:\WINDOWS\System32\USER32.dll
0x00007ffa40200000 - 0x00007ffa40221000 	C:\WINDOWS\System32\win32u.dll
0x00007ffa42960000 - 0x00007ffa42986000 	C:\WINDOWS\System32\GDI32.dll
0x00007ffa41110000 - 0x00007ffa412a8000 	C:\WINDOWS\System32\gdi32full.dll
0x00007ffa35400000 - 0x00007ffa35684000 	C:\WINDOWS\WinSxS\amd64_microsoft.windows.common-controls_6595b64144ccf1df_6.0.18362.1801_none_9e79a739e46243f0\COMCTL32.dll
0x00007ffa40c70000 - 0x00007ffa40d0e000 	C:\WINDOWS\System32\msvcp_win.dll
0x00007ffa41300000 - 0x00007ffa4139e000 	C:\WINDOWS\System32\msvcrt.dll
0x00007ffa41860000 - 0x00007ffa41b96000 	C:\WINDOWS\System32\combase.dll
0x00007ffa42990000 - 0x00007ffa42aaf000 	C:\WINDOWS\System32\RPCRT4.dll
0x00007ffa40a60000 - 0x00007ffa40ae4000 	C:\WINDOWS\System32\bcryptPrimitives.dll
0x00007ffa42f60000 - 0x00007ffa42f8e000 	C:\WINDOWS\System32\IMM32.DLL
0x00007ffa2b040000 - 0x00007ffa2b0db000 	C:\Program Files\Greenfoot\jdk\bin\msvcp140.dll
0x00007ffa0b7d0000 - 0x00007ffa0c313000 	C:\Program Files\Greenfoot\jdk\bin\server\jvm.dll
0x00007ffa416e0000 - 0x00007ffa41783000 	C:\WINDOWS\System32\ADVAPI32.dll
0x00007ffa42440000 - 0x00007ffa424d7000 	C:\WINDOWS\System32\sechost.dll
0x00007ffa42f50000 - 0x00007ffa42f58000 	C:\WINDOWS\System32\PSAPI.DLL
0x00007ffa3e370000 - 0x00007ffa3e379000 	C:\WINDOWS\SYSTEM32\WSOCK32.dll
0x00007ffa43050000 - 0x00007ffa430bf000 	C:\WINDOWS\System32\WS2_32.dll
0x00007ffa3e310000 - 0x00007ffa3e334000 	C:\WINDOWS\SYSTEM32\WINMM.dll
0x00007ffa3c9b0000 - 0x00007ffa3c9ba000 	C:\WINDOWS\SYSTEM32\VERSION.dll
0x00007ffa3e2e0000 - 0x00007ffa3e30d000 	C:\WINDOWS\SYSTEM32\WINMMBASE.dll
0x00007ffa412b0000 - 0x00007ffa412fa000 	C:\WINDOWS\System32\cfgmgr32.dll
0x00007ffa40120000 - 0x00007ffa40131000 	C:\WINDOWS\System32\kernel.appcore.dll
0x00007ffa3e0f0000 - 0x00007ffa3e100000 	C:\Program Files\Greenfoot\jdk\bin\verify.dll
0x00007ffa2d070000 - 0x00007ffa2d264000 	C:\WINDOWS\SYSTEM32\DBGHELP.DLL
0x00007ffa2ce80000 - 0x00007ffa2ceaa000 	C:\WINDOWS\SYSTEM32\dbgcore.DLL
0x00007ffa3d750000 - 0x00007ffa3d778000 	C:\Program Files\Greenfoot\jdk\bin\java.dll
0x00007ffa3e020000 - 0x00007ffa3e02a000 	C:\Program Files\Greenfoot\jdk\bin\jimage.dll
0x00007ffa2ff10000 - 0x00007ffa2ff48000 	C:\Program Files\Greenfoot\jdk\bin\jdwp.dll
0x00007ffa3c960000 - 0x00007ffa3c977000 	C:\Program Files\Greenfoot\jdk\bin\zip.dll
0x00007ffa41d50000 - 0x00007ffa42437000 	C:\WINDOWS\System32\SHELL32.dll
0x00007ffa41410000 - 0x00007ffa414b9000 	C:\WINDOWS\System32\shcore.dll
0x00007ffa40230000 - 0x00007ffa409ab000 	C:\WINDOWS\System32\windows.storage.dll
0x00007ffa40160000 - 0x00007ffa4017e000 	C:\WINDOWS\System32\profapi.dll
0x00007ffa40180000 - 0x00007ffa401ca000 	C:\WINDOWS\System32\powrprof.dll
0x00007ffa40110000 - 0x00007ffa40120000 	C:\WINDOWS\System32\UMPDC.dll
0x00007ffa42f90000 - 0x00007ffa42fe2000 	C:\WINDOWS\System32\shlwapi.dll
0x00007ffa40af0000 - 0x00007ffa40b07000 	C:\WINDOWS\System32\cryptsp.dll
0x00007ffa3d840000 - 0x00007ffa3d84b000 	C:\Program Files\Greenfoot\jdk\bin\dt_shmem.dll
0x00007ffa3bdd0000 - 0x00007ffa3bde9000 	C:\Program Files\Greenfoot\jdk\bin\net.dll
0x00007ffa3c370000 - 0x00007ffa3c469000 	C:\WINDOWS\SYSTEM32\WINHTTP.dll
0x00007ffa3f8f0000 - 0x00007ffa3f957000 	C:\WINDOWS\system32\mswsock.dll
0x00007ffa3b5c0000 - 0x00007ffa3b5d2000 	C:\Program Files\Greenfoot\jdk\bin\nio.dll
0x00007ffa1dd40000 - 0x00007ffa1ded9000 	C:\Program Files\Greenfoot\jdk\bin\awt.dll
0x00007ffa42e10000 - 0x00007ffa42ed5000 	C:\WINDOWS\System32\OLEAUT32.dll
0x00007ffa3e250000 - 0x00007ffa3e2df000 	C:\WINDOWS\SYSTEM32\apphelp.dll
0x00007ffa3e450000 - 0x00007ffa3e4e9000 	C:\WINDOWS\system32\uxtheme.dll
0x00007ffa42ab0000 - 0x00007ffa42be5000 	C:\WINDOWS\System32\MSCTF.dll
0x00007ffa3f470000 - 0x00007ffa3f4a3000 	C:\WINDOWS\system32\rsaenh.dll
0x00007ffa401d0000 - 0x00007ffa401f6000 	C:\WINDOWS\System32\bcrypt.dll
0x00007ffa3fac0000 - 0x00007ffa3facc000 	C:\WINDOWS\SYSTEM32\CRYPTBASE.dll
0x00007ffa42bf0000 - 0x00007ffa42d47000 	C:\WINDOWS\System32\ole32.dll
0x00007ffa3e980000 - 0x00007ffa3e9ad000 	C:\WINDOWS\system32\DWMAPI.DLL
0x00007ffa2da80000 - 0x00007ffa2dbd6000 	C:\WINDOWS\system32\opengl32.dll
0x00007ffa2d810000 - 0x00007ffa2d83c000 	C:\WINDOWS\SYSTEM32\GLU32.dll
0x00007ffa3edc0000 - 0x00007ffa3ede0000 	C:\WINDOWS\SYSTEM32\dxcore.dll
0x00007ffa37d60000 - 0x00007ffa37f27000 	C:\WINDOWS\system32\d3d9.dll
0x00007ffa3b770000 - 0x00007ffa3b872000 	C:\WINDOWS\System32\DriverStore\FileRepository\nv_dispi.inf_amd64_1c83a5d7cffd7bff\nvldumdx.dll
0x00007ffa40140000 - 0x00007ffa40152000 	C:\WINDOWS\System32\msasn1.dll
0x00007ffa3c980000 - 0x00007ffa3c9af000 	C:\WINDOWS\SYSTEM32\cryptnet.dll
0x00007ffa40fc0000 - 0x00007ffa4110a000 	C:\WINDOWS\System32\CRYPT32.dll
0x00007ffa40c10000 - 0x00007ffa40c6c000 	C:\WINDOWS\System32\WINTRUST.DLL
0x00007ffa43200000 - 0x00007ffa4321d000 	C:\WINDOWS\System32\imagehlp.dll
0x00007ff9f6ff0000 - 0x00007ff9f8a0b000 	C:\WINDOWS\System32\DriverStore\FileRepository\nv_dispi.inf_amd64_1c83a5d7cffd7bff\nvd3dumx.dll
0x00007ffa3ed00000 - 0x00007ffa3ed22000 	C:\WINDOWS\SYSTEM32\gpapi.dll
0x00007ffa40030000 - 0x00007ffa40055000 	C:\WINDOWS\SYSTEM32\USERENV.dll
0x00007ffa3f600000 - 0x00007ffa3f63a000 	C:\WINDOWS\SYSTEM32\IPHLPAPI.DLL
0x00007ffa430c0000 - 0x00007ffa430c8000 	C:\WINDOWS\System32\NSI.dll
0x00007ffa3b000000 - 0x00007ffa3b016000 	C:\WINDOWS\SYSTEM32\dhcpcsvc6.DLL
0x00007ffa3ac90000 - 0x00007ffa3acac000 	C:\WINDOWS\SYSTEM32\dhcpcsvc.DLL
0x00007ffa3f640000 - 0x00007ffa3f70a000 	C:\WINDOWS\SYSTEM32\DNSAPI.dll
0x000001bb4af00000 - 0x000001bb4af03000 	C:\Program Files\Greenfoot\lib\javafx\bin\api-ms-win-core-console-l1-1-0.dll
0x000001bb4af10000 - 0x000001bb4af13000 	C:\Program Files\Greenfoot\lib\javafx\bin\api-ms-win-core-datetime-l1-1-0.dll
0x000001bb4af20000 - 0x000001bb4af23000 	C:\Program Files\Greenfoot\lib\javafx\bin\api-ms-win-core-debug-l1-1-0.dll
0x000001bb4af30000 - 0x000001bb4af33000 	C:\Program Files\Greenfoot\lib\javafx\bin\api-ms-win-core-errorhandling-l1-1-0.dll
0x000001bb4af50000 - 0x000001bb4af54000 	C:\Program Files\Greenfoot\lib\javafx\bin\api-ms-win-core-file-l1-1-0.dll
0x000001bb4af60000 - 0x000001bb4af63000 	C:\Program Files\Greenfoot\lib\javafx\bin\api-ms-win-core-file-l1-2-0.dll
0x000001bb4af70000 - 0x000001bb4af73000 	C:\Program Files\Greenfoot\lib\javafx\bin\api-ms-win-core-file-l2-1-0.dll
0x000001bb77bf0000 - 0x000001bb77bf3000 	C:\Program Files\Greenfoot\lib\javafx\bin\api-ms-win-core-handle-l1-1-0.dll
0x000001bb77c00000 - 0x000001bb77c03000 	C:\Program Files\Greenfoot\lib\javafx\bin\api-ms-win-core-heap-l1-1-0.dll
0x000001bb77c10000 - 0x000001bb77c13000 	C:\Program Files\Greenfoot\lib\javafx\bin\api-ms-win-core-interlocked-l1-1-0.dll
0x000001bb77c20000 - 0x000001bb77c23000 	C:\Program Files\Greenfoot\lib\javafx\bin\api-ms-win-core-libraryloader-l1-1-0.dll
0x000001bb77c30000 - 0x000001bb77c33000 	C:\Program Files\Greenfoot\lib\javafx\bin\api-ms-win-core-localization-l1-2-0.dll
0x000001bb77c40000 - 0x000001bb77c43000 	C:\Program Files\Greenfoot\lib\javafx\bin\api-ms-win-core-memory-l1-1-0.dll
0x000001bb77c50000 - 0x000001bb77c53000 	C:\Program Files\Greenfoot\lib\javafx\bin\api-ms-win-core-namedpipe-l1-1-0.dll
0x000001bb77c60000 - 0x000001bb77c63000 	C:\Program Files\Greenfoot\lib\javafx\bin\api-ms-win-core-processenvironment-l1-1-0.dll
0x000001bb77c70000 - 0x000001bb77c73000 	C:\Program Files\Greenfoot\lib\javafx\bin\api-ms-win-core-processthreads-l1-1-0.dll
0x000001bb77c80000 - 0x000001bb77c83000 	C:\Program Files\Greenfoot\lib\javafx\bin\api-ms-win-core-processthreads-l1-1-1.dll
0x000001bb77c90000 - 0x000001bb77c93000 	C:\Program Files\Greenfoot\lib\javafx\bin\api-ms-win-core-profile-l1-1-0.dll
0x000001bb77ca0000 - 0x000001bb77ca3000 	C:\Program Files\Greenfoot\lib\javafx\bin\api-ms-win-core-rtlsupport-l1-1-0.dll
0x000001bb77cb0000 - 0x000001bb77cb3000 	C:\Program Files\Greenfoot\lib\javafx\bin\api-ms-win-core-string-l1-1-0.dll
0x000001bb77cc0000 - 0x000001bb77cc3000 	C:\Program Files\Greenfoot\lib\javafx\bin\api-ms-win-core-synch-l1-1-0.dll
0x000001bb77cd0000 - 0x000001bb77cd3000 	C:\Program Files\Greenfoot\lib\javafx\bin\api-ms-win-core-synch-l1-2-0.dll
0x000001bb77ce0000 - 0x000001bb77ce3000 	C:\Program Files\Greenfoot\lib\javafx\bin\api-ms-win-core-sysinfo-l1-1-0.dll
0x000001bb77cf0000 - 0x000001bb77cf3000 	C:\Program Files\Greenfoot\lib\javafx\bin\api-ms-win-core-timezone-l1-1-0.dll
0x000001bb77d00000 - 0x000001bb77d03000 	C:\Program Files\Greenfoot\lib\javafx\bin\api-ms-win-core-util-l1-1-0.dll
0x000001bb77d10000 - 0x000001bb77d13000 	C:\Program Files\Greenfoot\lib\javafx\bin\api-ms-win-crt-conio-l1-1-0.dll
0x000001bb77d20000 - 0x000001bb77d24000 	C:\Program Files\Greenfoot\lib\javafx\bin\api-ms-win-crt-convert-l1-1-0.dll
0x000001bb77d30000 - 0x000001bb77d33000 	C:\Program Files\Greenfoot\lib\javafx\bin\api-ms-win-crt-environment-l1-1-0.dll
0x000001bb77d40000 - 0x000001bb77d43000 	C:\Program Files\Greenfoot\lib\javafx\bin\api-ms-win-crt-filesystem-l1-1-0.dll
0x000001bb77d50000 - 0x000001bb77d53000 	C:\Program Files\Greenfoot\lib\javafx\bin\api-ms-win-crt-heap-l1-1-0.dll
0x000001bb77d60000 - 0x000001bb77d63000 	C:\Program Files\Greenfoot\lib\javafx\bin\api-ms-win-crt-locale-l1-1-0.dll
0x000001bb77d70000 - 0x000001bb77d75000 	C:\Program Files\Greenfoot\lib\javafx\bin\api-ms-win-crt-math-l1-1-0.dll
0x000001bb77d80000 - 0x000001bb77d85000 	C:\Program Files\Greenfoot\lib\javafx\bin\api-ms-win-crt-multibyte-l1-1-0.dll
0x000001bb77d90000 - 0x000001bb77da0000 	C:\Program Files\Greenfoot\lib\javafx\bin\api-ms-win-crt-private-l1-1-0.dll
0x000001bb77da0000 - 0x000001bb77da3000 	C:\Program Files\Greenfoot\lib\javafx\bin\api-ms-win-crt-process-l1-1-0.dll
0x000001bb77db0000 - 0x000001bb77db4000 	C:\Program Files\Greenfoot\lib\javafx\bin\api-ms-win-crt-runtime-l1-1-0.dll
0x000001bb77dc0000 - 0x000001bb77dc4000 	C:\Program Files\Greenfoot\lib\javafx\bin\api-ms-win-crt-stdio-l1-1-0.dll
0x000001bb77dd0000 - 0x000001bb77dd4000 	C:\Program Files\Greenfoot\lib\javafx\bin\api-ms-win-crt-string-l1-1-0.dll
0x000001bb77de0000 - 0x000001bb77de3000 	C:\Program Files\Greenfoot\lib\javafx\bin\api-ms-win-crt-time-l1-1-0.dll
0x000001bb77df0000 - 0x000001bb77df3000 	C:\Program Files\Greenfoot\lib\javafx\bin\api-ms-win-crt-utility-l1-1-0.dll
0x00007ffa28e40000 - 0x00007ffa28f3a000 	C:\Program Files\Greenfoot\lib\javafx\bin\ucrtbase.dll
0x00007ffa37530000 - 0x00007ffa37546000 	C:\Program Files\Greenfoot\lib\javafx\bin\vcruntime140.dll
0x00007ffa2fab0000 - 0x00007ffa2fb56000 	C:\Program Files\Greenfoot\lib\javafx\bin\msvcp140.dll
0x00007ffa34db0000 - 0x00007ffa34e01000 	C:\Program Files\Greenfoot\lib\javafx\bin\concrt140.dll
0x00007ffa35240000 - 0x00007ffa35263000 	C:\Program Files\Greenfoot\lib\javafx\bin\prism_d3d.dll
0x00007ffa34120000 - 0x00007ffa34165000 	C:\Program Files\Greenfoot\lib\javafx\bin\glass.dll
0x00007ffa41790000 - 0x00007ffa41860000 	C:\WINDOWS\System32\COMDLG32.dll

dbghelp: loaded successfully - version: 4.0.5 - missing functions: none
symbol engine: initialized successfully - sym options: 0x614 - pdb path: .;C:\Program Files\Greenfoot\jdk\bin;C:\WINDOWS\SYSTEM32;C:\WINDOWS\WinSxS\amd64_microsoft.windows.common-controls_6595b64144ccf1df_6.0.18362.1801_none_9e79a739e46243f0;C:\Program Files\Greenfoot\jdk\bin\server;C:\WINDOWS\System32\DriverStore\FileRepository\nv_dispi.inf_amd64_1c83a5d7cffd7bff;C:\Program Files\Greenfoot\lib\javafx\bin

VM Arguments:
jvm_args: -XX:MaxGCPauseMillis=50 -agentlib:jdwp=transport=dt_shmem,address=javadebug -Dfile.encoding=UTF-8 
java_command: bluej.runtime.ExecServer UTF-8
java_class_path (initial): C:\Program Files\Greenfoot\lib\greenfoot.jar;C:\Program Files\Greenfoot\lib\bluejcore.jar;C:\Program Files\Greenfoot\lib\bluejeditor.jar;C:\Program Files\Greenfoot\lib\bluejext2.jar;C:\Program Files\Greenfoot\lib\junit-jupiter-5.5.2.jar;C:\Program Files\Greenfoot\lib\junit-jupiter-api-5.5.2.jar;C:\Program Files\Greenfoot\lib\junit-jupiter-engine-5.5.2.jar;C:\Program Files\Greenfoot\lib\junit-jupiter-migrationsupport-5.5.2.jar;C:\Program Files\Greenfoot\lib\junit-jupiter-params-5.5.2.jar;C:\Program Files\Greenfoot\lib\junit-platform-commons-1.5.2.jar;C:\Program Files\Greenfoot\lib\junit-platform-console-1.5.2.jar;C:\Program Files\Greenfoot\lib\junit-platform-console-standalone-1.5.2.jar;C:\Program Files\Greenfoot\lib\junit-platform-engine-1.5.2.jar;C:\Program Files\Greenfoot\lib\junit-platform-launcher-1.5.2.jar;C:\Program Files\Greenfoot\lib\junit-platform-reporting-1.5.2.jar;C:\Program Files\Greenfoot\lib\junit-platform-runner-1.5.2.jar;C:\Program Files\Greenfoot\lib\junit-platform-suite-api-1.5.2.jar;C:\Program Files\Greenfoot\lib\junit-platform-testkit-1.5.2.jar;C:\Program Files\Greenfoot\lib\junit-quickcheck-core-0.9.jar;C:\Program Files\Greenfoot\lib\junit-vintage-engine-5.5.2.jar;C:\Program Files\Greenfoot\lib\hamcrest-core-1.3.jar;C:\Program Files\Greenfoot\lib\bluej.jar;C:\Program Files\Greenfoot\lib\classgraph-4.8.90.jar;C:\Program Files\Greenfoot\lib\diffutils-1.2.1.jar;C:\Program Files\Greenfoot\lib\commons-logging-api-1.1.2.jar;C:\Program Files\Greenfoot\lib\jl1.0.1.jar;C:\Program Files\Greenfoot\lib\opencsv-2.3.jar;C:\Program Files\Greenfoot\lib\xom-1.2.9.jar;C:\Program Files\Greenfoot\lib\lang-stride.jar;C:\Program Files\Greenfoot\lib\nsmenufx-2.1.8.jar;C:\Program Files\Greenfoot\lib\richtextfx-fat-0.9.0.jar;C:\Program Files\Greenfoot\lib\guava-17.0.jar;C:\Program Files\Greenfoot\lib\httpclient-4.1.1.jar;C:\Program Files\Greenfoot\lib\httpcore-4.1.jar;C:\Program Files\Greenfoot\lib\httpmime-4.1.1.jar;C:\Program Files\Greenf
Launcher Type: SUN_STANDARD

[Global flags]
     intx CICompilerCount                          = 3                                         {product} {ergonomic}
     uint ConcGCThreads                            = 2                                         {product} {ergonomic}
     uint G1ConcRefinementThreads                  = 6                                         {product} {ergonomic}
   size_t G1HeapRegionSize                         = 1048576                                   {product} {ergonomic}
    uintx GCDrainStackTargetSize                   = 64                                        {product} {ergonomic}
   size_t InitialHeapSize                          = 268435456                                 {product} {ergonomic}
   size_t MarkStackSize                            = 4194304                                   {product} {ergonomic}
    uintx MaxGCPauseMillis                         = 50                                        {product} {command line}
   size_t MaxHeapSize                              = 4280287232                                {product} {ergonomic}
   size_t MaxNewSize                               = 2567962624                                {product} {ergonomic}
   size_t MinHeapDeltaBytes                        = 1048576                                   {product} {ergonomic}
    uintx NonNMethodCodeHeapSize                   = 5830732                                {pd product} {ergonomic}
    uintx NonProfiledCodeHeapSize                  = 122913754                              {pd product} {ergonomic}
    uintx ProfiledCodeHeapSize                     = 122913754                              {pd product} {ergonomic}
    uintx ReservedCodeCacheSize                    = 251658240                              {pd product} {ergonomic}
     bool SegmentedCodeCache                       = true                                      {product} {ergonomic}
     bool UseCompressedClassPointers               = true                                 {lp64_product} {ergonomic}
     bool UseCompressedOops                        = true                                 {lp64_product} {ergonomic}
     bool UseG1GC                                  = true                                      {product} {ergonomic}
     bool UseLargePagesIndividualAllocation        = false                                  {pd product} {ergonomic}

Logging:
Log output configuration:
 #0: stdout all=warning uptime,level,tags
 #1: stderr all=off uptime,level,tags

Environment Variables:
PATH=C:\Program Files\Common Files\Oracle\Java\javapath;C:\Program Files (x86)\Common Files\Oracle\Java\javapath;C:\WINDOWS\system32;C:\WINDOWS;C:\WINDOWS\System32\Wbem;C:\WINDOWS\System32\WindowsPowerShell\v1.0\;C:\WINDOWS\System32\OpenSSH\;C:\Program Files\Git\cmd;C:\Users\Avance\AppData\Local\Microsoft\WindowsApps;
USERNAME=avance
OS=Windows_NT
PROCESSOR_IDENTIFIER=Intel64 Family 6 Model 158 Stepping 13, GenuineIntel



---------------  S Y S T E M  ---------------

OS: Windows 10 , 64 bit Build 18362 (10.0.18362.1766)
OS uptime: 6 days 1:14 hours

CPU:total 6 (initial active 6) (6 cores per cpu, 1 threads per core) family 6 model 158 stepping 13 microcode 0xde, cmov, cx8, fxsr, mmx, sse, sse2, sse3, ssse3, sse4.1, sse4.2, popcnt, avx, avx2, aes, clmul, erms, 3dnowpref, lzcnt, tsc, tscinvbit, bmi1, bmi2, adx, fma

Memory: 4k page, system-wide physical 16326M (8832M free)
TotalPageFile size 65478M (AvailPageFile size 4M)
current process WorkingSet (physical memory assigned to process): 140M, peak: 145M
current process commit charge ("private bytes"): 269M, peak: 413M

vm_info: OpenJDK 64-Bit Server VM (11.0.10+9) for windows-amd64 JRE (11.0.10+9), built on Jan 20 2021 06:07:07 by "" with MS VC++ 15.9 (VS2017)

END.
